<?xml version="1.0" encoding="UTF-8"?>
<coverage generated="1591968123650" clover="3.2.0">
  <project timestamp="1591968123650" name="All files">
    <metrics statements="109" coveredstatements="105" conditionals="18" coveredconditionals="13" methods="18" coveredmethods="15" elements="145" coveredelements="133" complexity="0" loc="109" ncloc="109" packages="1" files="1" classes="1"/>
    <file name="main.js" path="C:\Users\keane\Downloads\fiverr-test-new\main.js">
      <metrics statements="109" coveredstatements="105" conditionals="18" coveredconditionals="13" methods="18" coveredmethods="15"/>
      <line num="1" count="1" type="stmt"/>
      <line num="2" count="1" type="stmt"/>
      <line num="3" count="1" type="stmt"/>
      <line num="4" count="1" type="stmt"/>
      <line num="5" count="1" type="stmt"/>
      <line num="6" count="1" type="stmt"/>
      <line num="9" count="1" type="stmt"/>
      <line num="12" count="7" type="stmt"/>
      <line num="13" count="5" type="cond" truecount="1" falsecount="1"/>
      <line num="14" count="0" type="stmt"/>
      <line num="16" count="5" type="stmt"/>
      <line num="21" count="5" type="stmt"/>
      <line num="23" count="2" type="stmt"/>
      <line num="26" count="2" type="stmt"/>
      <line num="27" count="1" type="stmt"/>
      <line num="28" count="1" type="stmt"/>
      <line num="34" count="1" type="stmt"/>
      <line num="35" count="1" type="stmt"/>
      <line num="39" count="1" type="stmt"/>
      <line num="40" count="1" type="stmt"/>
      <line num="41" count="1" type="stmt"/>
      <line num="45" count="1" type="stmt"/>
      <line num="46" count="1" type="stmt"/>
      <line num="47" count="1" type="stmt"/>
      <line num="48" count="1" type="stmt"/>
      <line num="49" count="1" type="stmt"/>
      <line num="51" count="1" type="stmt"/>
      <line num="52" count="1" type="cond" truecount="1" falsecount="1"/>
      <line num="53" count="1" type="stmt"/>
      <line num="54" count="1" type="stmt"/>
      <line num="55" count="1" type="stmt"/>
      <line num="57" count="1" type="stmt"/>
      <line num="59" count="1" type="stmt"/>
      <line num="62" count="1" type="stmt"/>
      <line num="66" count="1" type="stmt"/>
      <line num="69" count="1" type="stmt"/>
      <line num="70" count="1" type="stmt"/>
      <line num="72" count="1" type="cond" truecount="1" falsecount="1"/>
      <line num="73" count="1" type="stmt"/>
      <line num="74" count="1" type="stmt"/>
      <line num="75" count="1" type="cond" truecount="1" falsecount="1"/>
      <line num="76" count="1" type="stmt"/>
      <line num="77" count="1" type="cond" truecount="1" falsecount="1"/>
      <line num="78" count="1" type="stmt"/>
      <line num="79" count="1" type="stmt"/>
      <line num="80" count="1" type="stmt"/>
      <line num="82" count="1" type="stmt"/>
      <line num="84" count="1" type="stmt"/>
      <line num="90" count="1" type="stmt"/>
      <line num="94" count="3" type="stmt"/>
      <line num="95" count="3" type="stmt"/>
      <line num="98" count="3" type="stmt"/>
      <line num="100" count="3" type="stmt"/>
      <line num="103" count="3" type="stmt"/>
      <line num="106" count="3" type="stmt"/>
      <line num="107" count="3" type="stmt"/>
      <line num="108" count="3" type="stmt"/>
      <line num="110" count="3" type="stmt"/>
      <line num="111" count="3" type="stmt"/>
      <line num="112" count="3" type="stmt"/>
      <line num="113" count="3" type="stmt"/>
      <line num="115" count="3" type="stmt"/>
      <line num="116" count="3" type="stmt"/>
      <line num="117" count="3" type="stmt"/>
      <line num="118" count="3" type="stmt"/>
      <line num="120" count="3" type="stmt"/>
      <line num="121" count="3" type="stmt"/>
      <line num="122" count="3" type="stmt"/>
      <line num="123" count="3" type="stmt"/>
      <line num="125" count="3" type="stmt"/>
      <line num="126" count="3" type="stmt"/>
      <line num="127" count="3" type="stmt"/>
      <line num="128" count="3" type="stmt"/>
      <line num="130" count="3" type="stmt"/>
      <line num="133" count="3" type="stmt"/>
      <line num="134" count="30" type="stmt"/>
      <line num="136" count="30" type="stmt"/>
      <line num="139" count="30" type="stmt"/>
      <line num="140" count="120" type="stmt"/>
      <line num="142" count="120" type="stmt"/>
      <line num="143" count="120" type="cond" truecount="2" falsecount="0"/>
      <line num="144" count="30" type="stmt"/>
      <line num="146" count="120" type="cond" truecount="2" falsecount="0"/>
      <line num="147" count="30" type="stmt"/>
      <line num="149" count="120" type="cond" truecount="2" falsecount="0"/>
      <line num="150" count="30" type="stmt"/>
      <line num="152" count="120" type="cond" truecount="2" falsecount="0"/>
      <line num="153" count="30" type="stmt"/>
      <line num="156" count="120" type="stmt"/>
      <line num="157" count="120" type="stmt"/>
      <line num="158" count="120" type="stmt"/>
      <line num="161" count="30" type="stmt"/>
      <line num="164" count="3" type="stmt"/>
      <line num="169" count="1" type="stmt"/>
      <line num="172" count="1" type="stmt"/>
      <line num="177" count="2" type="stmt"/>
      <line num="179" count="2" type="stmt"/>
      <line num="187" count="2" type="stmt"/>
      <line num="190" count="2" type="stmt"/>
      <line num="193" count="2" type="stmt"/>
      <line num="194" count="6" type="stmt"/>
      <line num="196" count="2" type="stmt"/>
      <line num="199" count="2" type="stmt"/>
      <line num="201" count="2" type="stmt"/>
      <line num="207" count="0" type="stmt"/>
      <line num="211" count="2" type="stmt"/>
      <line num="216" count="0" type="stmt"/>
      <line num="219" count="0" type="stmt"/>
      <line num="226" count="1" type="stmt"/>
    </file>
  </project>
</coverage>
