{"C:\\Users\\keane\\Downloads\\fiverr-test-new\\main.js": {"path":"C:\\Users\\keane\\Downloads\\fiverr-test-new\\main.js","statementMap":{"0":{"start":{"line":1,"column":11},"end":{"line":1,"column":15}},"1":{"start":{"line":2,"column":11},"end":{"line":2,"column":12}},"2":{"start":{"line":3,"column":21},"end":{"line":3,"column":57}},"3":{"start":{"line":4,"column":12},"end":{"line":4,"column":15}},"4":{"start":{"line":5,"column":10},"end":{"line":5,"column":13}},"5":{"start":{"line":6,"column":10},"end":{"line":6,"column":12}},"6":{"start":{"line":9,"column":13},"end":{"line":9,"column":49}},"7":{"start":{"line":12,"column":1},"end":{"line":18,"column":4}},"8":{"start":{"line":13,"column":2},"end":{"line":17,"column":3}},"9":{"start":{"line":14,"column":3},"end":{"line":14,"column":69}},"10":{"start":{"line":16,"column":3},"end":{"line":16,"column":26}},"11":{"start":{"line":21,"column":1},"end":{"line":30,"column":4}},"12":{"start":{"line":23,"column":2},"end":{"line":25,"column":4}},"13":{"start":{"line":26,"column":2},"end":{"line":29,"column":5}},"14":{"start":{"line":27,"column":3},"end":{"line":27,"column":22}},"15":{"start":{"line":28,"column":3},"end":{"line":28,"column":42}},"16":{"start":{"line":34,"column":1},"end":{"line":34,"column":11}},"17":{"start":{"line":35,"column":1},"end":{"line":35,"column":13}},"18":{"start":{"line":39,"column":1},"end":{"line":39,"column":27}},"19":{"start":{"line":40,"column":1},"end":{"line":40,"column":59}},"20":{"start":{"line":41,"column":1},"end":{"line":41,"column":69}},"21":{"start":{"line":45,"column":1},"end":{"line":45,"column":61}},"22":{"start":{"line":46,"column":22},"end":{"line":46,"column":61}},"23":{"start":{"line":47,"column":15},"end":{"line":47,"column":57}},"24":{"start":{"line":48,"column":1},"end":{"line":48,"column":52}},"25":{"start":{"line":49,"column":1},"end":{"line":49,"column":57}},"26":{"start":{"line":51,"column":1},"end":{"line":61,"column":2}},"27":{"start":{"line":51,"column":14},"end":{"line":51,"column":15}},"28":{"start":{"line":52,"column":2},"end":{"line":60,"column":3}},"29":{"start":{"line":53,"column":19},"end":{"line":53,"column":51}},"30":{"start":{"line":54,"column":21},"end":{"line":54,"column":50}},"31":{"start":{"line":55,"column":24},"end":{"line":55,"column":56}},"32":{"start":{"line":57,"column":3},"end":{"line":57,"column":97}},"33":{"start":{"line":59,"column":3},"end":{"line":59,"column":9}},"34":{"start":{"line":62,"column":1},"end":{"line":62,"column":13}},"35":{"start":{"line":66,"column":1},"end":{"line":66,"column":13}},"36":{"start":{"line":69,"column":19},"end":{"line":69,"column":59}},"37":{"start":{"line":70,"column":15},"end":{"line":70,"column":57}},"38":{"start":{"line":72,"column":1},"end":{"line":88,"column":2}},"39":{"start":{"line":73,"column":2},"end":{"line":73,"column":50}},"40":{"start":{"line":74,"column":2},"end":{"line":74,"column":58}},"41":{"start":{"line":75,"column":2},"end":{"line":87,"column":3}},"42":{"start":{"line":76,"column":3},"end":{"line":86,"column":4}},"43":{"start":{"line":76,"column":16},"end":{"line":76,"column":17}},"44":{"start":{"line":77,"column":4},"end":{"line":85,"column":5}},"45":{"start":{"line":78,"column":21},"end":{"line":78,"column":53}},"46":{"start":{"line":79,"column":23},"end":{"line":79,"column":52}},"47":{"start":{"line":80,"column":26},"end":{"line":80,"column":58}},"48":{"start":{"line":82,"column":5},"end":{"line":82,"column":99}},"49":{"start":{"line":84,"column":5},"end":{"line":84,"column":11}},"50":{"start":{"line":90,"column":1},"end":{"line":90,"column":14}},"51":{"start":{"line":94,"column":1},"end":{"line":165,"column":4}},"52":{"start":{"line":95,"column":2},"end":{"line":95,"column":17}},"53":{"start":{"line":98,"column":14},"end":{"line":98,"column":47}},"54":{"start":{"line":100,"column":2},"end":{"line":100,"column":23}},"55":{"start":{"line":103,"column":12},"end":{"line":103,"column":43}},"56":{"start":{"line":106,"column":12},"end":{"line":106,"column":43}},"57":{"start":{"line":107,"column":2},"end":{"line":107,"column":34}},"58":{"start":{"line":108,"column":2},"end":{"line":108,"column":36}},"59":{"start":{"line":110,"column":13},"end":{"line":110,"column":41}},"60":{"start":{"line":111,"column":17},"end":{"line":111,"column":51}},"61":{"start":{"line":112,"column":2},"end":{"line":112,"column":29}},"62":{"start":{"line":113,"column":2},"end":{"line":113,"column":24}},"63":{"start":{"line":115,"column":2},"end":{"line":115,"column":38}},"64":{"start":{"line":116,"column":2},"end":{"line":116,"column":56}},"65":{"start":{"line":117,"column":2},"end":{"line":117,"column":29}},"66":{"start":{"line":118,"column":2},"end":{"line":118,"column":24}},"67":{"start":{"line":120,"column":2},"end":{"line":120,"column":38}},"68":{"start":{"line":121,"column":2},"end":{"line":121,"column":53}},"69":{"start":{"line":122,"column":2},"end":{"line":122,"column":29}},"70":{"start":{"line":123,"column":2},"end":{"line":123,"column":24}},"71":{"start":{"line":125,"column":2},"end":{"line":125,"column":38}},"72":{"start":{"line":126,"column":2},"end":{"line":126,"column":56}},"73":{"start":{"line":127,"column":2},"end":{"line":127,"column":29}},"74":{"start":{"line":128,"column":2},"end":{"line":128,"column":24}},"75":{"start":{"line":130,"column":2},"end":{"line":130,"column":23}},"76":{"start":{"line":133,"column":2},"end":{"line":162,"column":3}},"77":{"start":{"line":133,"column":15},"end":{"line":133,"column":16}},"78":{"start":{"line":134,"column":13},"end":{"line":134,"column":41}},"79":{"start":{"line":136,"column":3},"end":{"line":136,"column":49}},"80":{"start":{"line":139,"column":3},"end":{"line":159,"column":4}},"81":{"start":{"line":139,"column":16},"end":{"line":139,"column":17}},"82":{"start":{"line":140,"column":15},"end":{"line":140,"column":43}},"83":{"start":{"line":142,"column":15},"end":{"line":142,"column":17}},"84":{"start":{"line":143,"column":4},"end":{"line":145,"column":5}},"85":{"start":{"line":144,"column":5},"end":{"line":144,"column":38}},"86":{"start":{"line":146,"column":4},"end":{"line":148,"column":5}},"87":{"start":{"line":147,"column":5},"end":{"line":147,"column":45}},"88":{"start":{"line":149,"column":4},"end":{"line":151,"column":5}},"89":{"start":{"line":150,"column":5},"end":{"line":150,"column":42}},"90":{"start":{"line":152,"column":4},"end":{"line":154,"column":5}},"91":{"start":{"line":153,"column":5},"end":{"line":153,"column":45}},"92":{"start":{"line":156,"column":19},"end":{"line":156,"column":48}},"93":{"start":{"line":157,"column":4},"end":{"line":157,"column":31}},"94":{"start":{"line":158,"column":4},"end":{"line":158,"column":26}},"95":{"start":{"line":161,"column":3},"end":{"line":161,"column":24}},"96":{"start":{"line":164,"column":2},"end":{"line":164,"column":25}},"97":{"start":{"line":169,"column":1},"end":{"line":169,"column":19}},"98":{"start":{"line":172,"column":0},"end":{"line":172,"column":7}},"99":{"start":{"line":177,"column":1},"end":{"line":177,"column":27}},"100":{"start":{"line":179,"column":11},"end":{"line":185,"column":71}},"101":{"start":{"line":187,"column":22},"end":{"line":187,"column":65}},"102":{"start":{"line":190,"column":13},"end":{"line":190,"column":89}},"103":{"start":{"line":193,"column":11},"end":{"line":195,"column":3}},"104":{"start":{"line":194,"column":2},"end":{"line":194,"column":17}},"105":{"start":{"line":196,"column":18},"end":{"line":196,"column":44}},"106":{"start":{"line":199,"column":1},"end":{"line":199,"column":35}},"107":{"start":{"line":201,"column":1},"end":{"line":209,"column":25}},"108":{"start":{"line":207,"column":3},"end":{"line":207,"column":28}},"109":{"start":{"line":211,"column":1},"end":{"line":223,"column":27}},"110":{"start":{"line":216,"column":3},"end":{"line":216,"column":28}},"111":{"start":{"line":219,"column":3},"end":{"line":219,"column":56}},"112":{"start":{"line":226,"column":0},"end":{"line":236,"column":2}}},"fnMap":{"0":{"name":"fetchData","decl":{"start":{"line":11,"column":9},"end":{"line":11,"column":18}},"loc":{"start":{"line":11,"column":24},"end":{"line":19,"column":1}},"line":11},"1":{"name":"(anonymous_1)","decl":{"start":{"line":12,"column":24},"end":{"line":12,"column":25}},"loc":{"start":{"line":12,"column":38},"end":{"line":18,"column":2}},"line":12},"2":{"name":"downloadData","decl":{"start":{"line":20,"column":9},"end":{"line":20,"column":21}},"loc":{"start":{"line":20,"column":24},"end":{"line":31,"column":1}},"line":20},"3":{"name":"(anonymous_3)","decl":{"start":{"line":21,"column":40},"end":{"line":21,"column":41}},"loc":{"start":{"line":21,"column":51},"end":{"line":30,"column":2}},"line":21},"4":{"name":"(anonymous_4)","decl":{"start":{"line":26,"column":40},"end":{"line":26,"column":41}},"loc":{"start":{"line":26,"column":51},"end":{"line":29,"column":3}},"line":26},"5":{"name":"showMore","decl":{"start":{"line":33,"column":9},"end":{"line":33,"column":17}},"loc":{"start":{"line":33,"column":20},"end":{"line":36,"column":1}},"line":33},"6":{"name":"clearCountry","decl":{"start":{"line":38,"column":9},"end":{"line":38,"column":21}},"loc":{"start":{"line":38,"column":24},"end":{"line":42,"column":1}},"line":38},"7":{"name":"countryClicked","decl":{"start":{"line":44,"column":9},"end":{"line":44,"column":23}},"loc":{"start":{"line":44,"column":29},"end":{"line":63,"column":1}},"line":44},"8":{"name":"sub","decl":{"start":{"line":65,"column":9},"end":{"line":65,"column":12}},"loc":{"start":{"line":65,"column":15},"end":{"line":67,"column":1}},"line":65},"9":{"name":"submitCountry","decl":{"start":{"line":68,"column":9},"end":{"line":68,"column":22}},"loc":{"start":{"line":68,"column":25},"end":{"line":91,"column":1}},"line":68},"10":{"name":"drawTable","decl":{"start":{"line":93,"column":9},"end":{"line":93,"column":18}},"loc":{"start":{"line":93,"column":21},"end":{"line":166,"column":1}},"line":93},"11":{"name":"(anonymous_11)","decl":{"start":{"line":94,"column":21},"end":{"line":94,"column":22}},"loc":{"start":{"line":94,"column":34},"end":{"line":165,"column":2}},"line":94},"12":{"name":"draw","decl":{"start":{"line":168,"column":15},"end":{"line":168,"column":19}},"loc":{"start":{"line":168,"column":22},"end":{"line":170,"column":1}},"line":168},"13":{"name":"drawChart","decl":{"start":{"line":176,"column":9},"end":{"line":176,"column":18}},"loc":{"start":{"line":176,"column":30},"end":{"line":224,"column":1}},"line":176},"14":{"name":"(anonymous_14)","decl":{"start":{"line":193,"column":26},"end":{"line":193,"column":27}},"loc":{"start":{"line":193,"column":39},"end":{"line":195,"column":2}},"line":193},"15":{"name":"(anonymous_15)","decl":{"start":{"line":206,"column":16},"end":{"line":206,"column":17}},"loc":{"start":{"line":206,"column":29},"end":{"line":208,"column":3}},"line":206},"16":{"name":"(anonymous_16)","decl":{"start":{"line":215,"column":8},"end":{"line":215,"column":9}},"loc":{"start":{"line":215,"column":21},"end":{"line":217,"column":3}},"line":215},"17":{"name":"(anonymous_17)","decl":{"start":{"line":218,"column":21},"end":{"line":218,"column":22}},"loc":{"start":{"line":218,"column":34},"end":{"line":220,"column":3}},"line":218}},"branchMap":{"0":{"loc":{"start":{"line":13,"column":2},"end":{"line":17,"column":3}},"type":"if","locations":[{"start":{"line":13,"column":2},"end":{"line":17,"column":3}},{"start":{"line":13,"column":2},"end":{"line":17,"column":3}}],"line":13},"1":{"loc":{"start":{"line":52,"column":2},"end":{"line":60,"column":3}},"type":"if","locations":[{"start":{"line":52,"column":2},"end":{"line":60,"column":3}},{"start":{"line":52,"column":2},"end":{"line":60,"column":3}}],"line":52},"2":{"loc":{"start":{"line":72,"column":1},"end":{"line":88,"column":2}},"type":"if","locations":[{"start":{"line":72,"column":1},"end":{"line":88,"column":2}},{"start":{"line":72,"column":1},"end":{"line":88,"column":2}}],"line":72},"3":{"loc":{"start":{"line":75,"column":2},"end":{"line":87,"column":3}},"type":"if","locations":[{"start":{"line":75,"column":2},"end":{"line":87,"column":3}},{"start":{"line":75,"column":2},"end":{"line":87,"column":3}}],"line":75},"4":{"loc":{"start":{"line":77,"column":4},"end":{"line":85,"column":5}},"type":"if","locations":[{"start":{"line":77,"column":4},"end":{"line":85,"column":5}},{"start":{"line":77,"column":4},"end":{"line":85,"column":5}}],"line":77},"5":{"loc":{"start":{"line":143,"column":4},"end":{"line":145,"column":5}},"type":"if","locations":[{"start":{"line":143,"column":4},"end":{"line":145,"column":5}},{"start":{"line":143,"column":4},"end":{"line":145,"column":5}}],"line":143},"6":{"loc":{"start":{"line":146,"column":4},"end":{"line":148,"column":5}},"type":"if","locations":[{"start":{"line":146,"column":4},"end":{"line":148,"column":5}},{"start":{"line":146,"column":4},"end":{"line":148,"column":5}}],"line":146},"7":{"loc":{"start":{"line":149,"column":4},"end":{"line":151,"column":5}},"type":"if","locations":[{"start":{"line":149,"column":4},"end":{"line":151,"column":5}},{"start":{"line":149,"column":4},"end":{"line":151,"column":5}}],"line":149},"8":{"loc":{"start":{"line":152,"column":4},"end":{"line":154,"column":5}},"type":"if","locations":[{"start":{"line":152,"column":4},"end":{"line":154,"column":5}},{"start":{"line":152,"column":4},"end":{"line":154,"column":5}}],"line":152}},"s":{"0":1,"1":1,"2":1,"3":1,"4":1,"5":1,"6":1,"7":7,"8":5,"9":0,"10":5,"11":5,"12":2,"13":2,"14":1,"15":1,"16":1,"17":1,"18":1,"19":1,"20":1,"21":1,"22":1,"23":1,"24":1,"25":1,"26":1,"27":1,"28":1,"29":1,"30":1,"31":1,"32":1,"33":1,"34":1,"35":1,"36":1,"37":1,"38":1,"39":1,"40":1,"41":1,"42":1,"43":1,"44":1,"45":1,"46":1,"47":1,"48":1,"49":1,"50":1,"51":3,"52":3,"53":3,"54":3,"55":3,"56":3,"57":3,"58":3,"59":3,"60":3,"61":3,"62":3,"63":3,"64":3,"65":3,"66":3,"67":3,"68":3,"69":3,"70":3,"71":3,"72":3,"73":3,"74":3,"75":3,"76":3,"77":3,"78":30,"79":30,"80":30,"81":30,"82":120,"83":120,"84":120,"85":30,"86":120,"87":30,"88":120,"89":30,"90":120,"91":30,"92":120,"93":120,"94":120,"95":30,"96":3,"97":1,"98":1,"99":2,"100":2,"101":2,"102":2,"103":2,"104":6,"105":2,"106":2,"107":2,"108":0,"109":2,"110":0,"111":0,"112":1},"f":{"0":7,"1":5,"2":5,"3":2,"4":1,"5":1,"6":1,"7":1,"8":1,"9":1,"10":3,"11":3,"12":1,"13":2,"14":6,"15":0,"16":0,"17":0},"b":{"0":[0,5],"1":[1,0],"2":[1,0],"3":[1,0],"4":[1,0],"5":[30,90],"6":[30,90],"7":[30,90],"8":[30,90]},"_coverageSchema":"1a1c01bbd47fc00a2c39e90264f33305004495a9","hash":"83cd5c60d930b857ff7eed1c07ad2e48eb9083d0"}
}
