TN:
SF:main.js
FN:11,fetchData
FN:12,(anonymous_1)
FN:20,downloadData
FN:21,(anonymous_3)
FN:26,(anonymous_4)
FN:33,showMore
FN:38,clearCountry
FN:44,countryClicked
FN:65,sub
FN:68,submitCountry
FN:93,drawTable
FN:94,(anonymous_11)
FN:168,draw
FN:176,drawChart
FN:193,(anonymous_14)
FN:206,(anonymous_15)
FN:215,(anonymous_16)
FN:218,(anonymous_17)
FNF:18
FNH:15
FNDA:7,fetchData
FNDA:5,(anonymous_1)
FNDA:5,downloadData
FNDA:2,(anonymous_3)
FNDA:1,(anonymous_4)
FNDA:1,showMore
FNDA:1,clearCountry
FNDA:1,countryClicked
FNDA:1,sub
FNDA:1,submitCountry
FNDA:3,drawTable
FNDA:3,(anonymous_11)
FNDA:1,draw
FNDA:2,drawChart
FNDA:6,(anonymous_14)
FNDA:0,(anonymous_15)
FNDA:0,(anonymous_16)
FNDA:0,(anonymous_17)
DA:1,1
DA:2,1
DA:3,1
DA:4,1
DA:5,1
DA:6,1
DA:9,1
DA:12,7
DA:13,5
DA:14,0
DA:16,5
DA:21,5
DA:23,2
DA:26,2
DA:27,1
DA:28,1
DA:34,1
DA:35,1
DA:39,1
DA:40,1
DA:41,1
DA:45,1
DA:46,1
DA:47,1
DA:48,1
DA:49,1
DA:51,1
DA:52,1
DA:53,1
DA:54,1
DA:55,1
DA:57,1
DA:59,1
DA:62,1
DA:66,1
DA:69,1
DA:70,1
DA:72,1
DA:73,1
DA:74,1
DA:75,1
DA:76,1
DA:77,1
DA:78,1
DA:79,1
DA:80,1
DA:82,1
DA:84,1
DA:90,1
DA:94,3
DA:95,3
DA:98,3
DA:100,3
DA:103,3
DA:106,3
DA:107,3
DA:108,3
DA:110,3
DA:111,3
DA:112,3
DA:113,3
DA:115,3
DA:116,3
DA:117,3
DA:118,3
DA:120,3
DA:121,3
DA:122,3
DA:123,3
DA:125,3
DA:126,3
DA:127,3
DA:128,3
DA:130,3
DA:133,3
DA:134,30
DA:136,30
DA:139,30
DA:140,120
DA:142,120
DA:143,120
DA:144,30
DA:146,120
DA:147,30
DA:149,120
DA:150,30
DA:152,120
DA:153,30
DA:156,120
DA:157,120
DA:158,120
DA:161,30
DA:164,3
DA:169,1
DA:172,1
DA:177,2
DA:179,2
DA:187,2
DA:190,2
DA:193,2
DA:194,6
DA:196,2
DA:199,2
DA:201,2
DA:207,0
DA:211,2
DA:216,0
DA:219,0
DA:226,1
LF:109
LH:105
BRDA:13,0,0,0
BRDA:13,0,1,5
BRDA:52,1,0,1
BRDA:52,1,1,0
BRDA:72,2,0,1
BRDA:72,2,1,0
BRDA:75,3,0,1
BRDA:75,3,1,0
BRDA:77,4,0,1
BRDA:77,4,1,0
BRDA:143,5,0,30
BRDA:143,5,1,90
BRDA:146,6,0,30
BRDA:146,6,1,90
BRDA:149,7,0,30
BRDA:149,7,1,90
BRDA:152,8,0,30
BRDA:152,8,1,90
BRF:18
BRH:13
end_of_record
